<?xml version="1.0" encoding="UTF-8"?>
<testsuite xmlns:xsi="http://www.w3.org/2001/XMLSchema-instance" xsi:noNamespaceSchemaLocation="https://maven.apache.org/surefire/maven-surefire-plugin/xsd/surefire-test-report.xsd" name="edu.eci.cvds.tdd.aerodescuentos.TarifasTest" time="0.088" tests="9" errors="0" skipped="0" failures="0">
  <properties>
[...]
</properties>
  <testcase name="DeberiaAplicarDescuentoClaseEquivalencia1" classname="edu.eci.cvds.tdd.aerodescuentos.TarifasTest" time="0.006"/>
  <testcase name="DeberiaAplicarDescuentoClaseEquivalencia2" classname="edu.eci.cvds.tdd.aerodescuentos.TarifasTest" time="0"/>
  <testcase name="DeberiaAplicarDescuentoClaseEquivalencia3" classname="edu.eci.cvds.tdd.aerodescuentos.TarifasTest" time="0.001"/>
  <testcase name="DeberiaAplicarDescuentoClaseEquivalencia4" classname="edu.eci.cvds.tdd.aerodescuentos.TarifasTest" time="0"/>
  <testcase name="DeberiaAplicarDescuentoClaseEquivalencia5" classname="edu.eci.cvds.tdd.aerodescuentos.TarifasTest" time="0"/>
  <testcase name="DeberiaAplicarDescuentoClaseEquivalencia6" classname="edu.eci.cvds.tdd.aerodescuentos.TarifasTest" time="0"/>
  <testcase name="DeberiaLanzarExcepcionTarifaNegativa" classname="edu.eci.cvds.tdd.aerodescuentos.TarifasTest" time="0.001"/>
  <testcase name="DeberiaLanzarExcepcionDiasAntelacionNegativos" classname="edu.eci.cvds.tdd.aerodescuentos.TarifasTest" time="0"/>
  <testcase name="DeberiaLanzarExcepcionEdadNegativa" classname="edu.eci.cvds.tdd.aerodescuentos.TarifasTest" time="0"/>
</testsuite>